<?xml version="1.0" encoding="UTF-8"?>
<testng-results ignored="0" total="1" passed="1" failed="0" skipped="0">
  <reporter-output>
  </reporter-output>
  <suite started-at="2024-11-15T14:36:15 EET" name="Default suite" finished-at="2024-11-15T14:36:39 EET" duration-ms="24204">
    <groups>
    </groups>
    <test started-at="2024-11-15T14:36:15 EET" name="Default test" finished-at="2024-11-15T14:36:39 EET" duration-ms="24204">
      <class name="MyTestCases">
        <test-method is-config="true" signature="setup()[pri:0, instance:MyTestCases@3a93b025]" started-at="2024-11-15T14:36:15 EET" name="setup" finished-at="2024-11-15T14:36:15 EET" duration-ms="28" status="PASS">
          <reporter-output>
          </reporter-output>
        </test-method> <!-- setup -->
        <test-method signature="myFirstTest()[pri:0, instance:MyTestCases@3a93b025]" started-at="2024-11-15T14:36:15 EET" name="myFirstTest" finished-at="2024-11-15T14:36:39 EET" duration-ms="24102" status="PASS">
          <reporter-output>
          </reporter-output>
        </test-method> <!-- myFirstTest -->
      </class> <!-- MyTestCases -->
    </test> <!-- Default test -->
  </suite> <!-- Default suite -->
</testng-results>
